C51 COMPILER V9.59.0.0   MAIN                                                              01/05/2024 11:20:54 PAGE 1   


C51 COMPILER V9.59.0.0, COMPILATION OF MODULE MAIN
OBJECT MODULE PLACED IN .\Objects\main.obj
COMPILER INVOKED BY: C:\Keil_v5\C51\BIN\C51.EXE User\main.c LARGE OPTIMIZE(8,SPEED) BROWSE INCDIR(.\Hardware;.\System;.\
                    -User;C:\Keil_v5\C51\INC\STC) DEBUG OBJECTEXTEND PRINT(.\Listings\main.lst) OBJECT(.\Objects\main.obj)

line level    source

   1          #include <STC15F2K60S2.H>
   2          #include "OLED.h"
   3          #include "Delay.h"
   4          #include "TM1637.h"
   5          #include "DS18B20.h"
   6          #include "BUZZER.h"
   7          #include "LED.h"
   8          #include "KEY.h"
   9          
  10          extern uint16_t DS18B20_Tempreature;
  11          
  12          void main()
  13          {
  14   1          uint8_t TMAX=25,TMIN=12;
  15   1          uint8_t HT,LT,PT,FLAG,KEY;//分别对应十位，个位，小数位
  16   1          BUZZER_OFF();
  17   1          while(1)
  18   1          {
  19   2              DS18B20_Get_Tempreature();
  20   2              HT=DS18B20_Tempreature/100;
  21   2              FLAG=DS18B20_Tempreature/10;
  22   2              LT=FLAG%10;
  23   2              PT=DS18B20_Tempreature%10;
  24   2              TM1637_Display(HT,LT,PT,12,1);
  25   2              KEY=key_scan();
  26   2              if(KEY==1)
  27   2              {
  28   3                  TMAX++;
  29   3              }
  30   2              else if(KEY==2)
  31   2              {
  32   3                  TMAX--;
  33   3              }
  34   2              else if(KEY==3)
  35   2              {
  36   3                  TMIN++;
  37   3              }
  38   2              else if(KEY==4)
  39   2              {
  40   3                  TMIN--;
  41   3              }
  42   2              if(FLAG>=TMAX||FLAG<=TMIN)
  43   2              {
  44   3                  BUZZER_ON();
  45   3                  LED_Falsh();
  46   3                  LED_Falsh();
  47   3                  BUZZER_OFF();
  48   3              }
  49   2              else
  50   2              {
  51   3                  BUZZER_OFF();
  52   3                  LED_OFF();
  53   3              }
  54   2              delay_ms(1500);
C51 COMPILER V9.59.0.0   MAIN                                                              01/05/2024 11:20:54 PAGE 2   

  55   2          }
  56   1      }


MODULE INFORMATION:   STATIC OVERLAYABLE
   CODE SIZE        =    205    ----
   CONSTANT SIZE    =   ----    ----
   XDATA SIZE       =   ----       3
   PDATA SIZE       =   ----    ----
   DATA SIZE        =   ----    ----
   IDATA SIZE       =   ----    ----
   BIT SIZE         =   ----    ----
END OF MODULE INFORMATION.


C51 COMPILATION COMPLETE.  0 WARNING(S),  0 ERROR(S)
