C51 COMPILER V9.59.0.0   ADC                                                               01/01/2024 16:57:05 PAGE 1   


C51 COMPILER V9.59.0.0, COMPILATION OF MODULE ADC
OBJECT MODULE PLACED IN .\Objects\ADC.obj
COMPILER INVOKED BY: C:\Keil_v5\C51\BIN\C51.EXE Hardware\ADC.c OPTIMIZE(8,SPEED) BROWSE INCDIR(.\Hardware;.\System;.\Use
                    -r) DEBUG OBJECTEXTEND PRINT(.\Listings\ADC.lst) OBJECT(.\Objects\ADC.obj)

line level    source

   1          #include <REG51.H>
   2          #include <intrins.h>
   3          #include "Sys.h"
   4          #include "ADC.h"
   5          #include "Delay.h"
   6          
   7          #define ADC_POWER 0x80
   8          #define ADC_START 0x08
   9          #define ADC_FLAG 0x10
  10          #define ADC_SPEEDH 0x40                     //转换速度为180个时钟周期
  11          #define ADRJ 0x20                           //ADRJ = 1;
  12          #define AD_P1_0 0x00                        //P1.0为AD输入;
  13          
  14          sfr ADC_CONTR = 0xbc;
  15          sfr ADC_RES = 0xbd;
  16          sfr ADC_RESL = 0xbE;
  17          sfr P1ASF = 0x9D;
  18          sfr PCON2 = 0x97;
  19          
  20          void ADC_Init(void)
  21          {
  22   1             P1ASF= 0x01;                         //设置P1为模拟输入端口  
  23   1             PCON2= PCON2 | ADRJ;           //ADRJ  = 1;
  24   1             ADC_CONTR= ADC_POWER | ADC_SPEEDH | AD_P1_0;
  25   1             //设置A/D电源开启、转换速度设置、A/D输入端口；
  26   1             delay_ms(5);//等待电源稳定    
  27   1          }
  28          
  29          unsigned int Gat_ADC(void)
  30          {
  31   1             uint16_t i,j,AD_Vaule;
  32   1             ADC_CONTR= ADC_CONTR | ADC_START;                 //开始转换
  33   1             while((ADC_CONTR& ADC_FLAG) != ADC_FLAG);    //等待转换标志置位
  34   1             i= ADC_RES;  //高两位
  35   1             j= ADC_RESL; //低八位
  36   1             i= i << 8;
  37   1             i= i | j;
  38   1             ADC_CONTR= ADC_CONTR & ~ADC_FLAG ;                   //清零转换标志位
  39   1             ADC_RES= 0;
  40   1             ADC_RESL= 0;
  41   1             AD_Vaule=i;
  42   1             return(AD_Vaule);
  43   1          }


MODULE INFORMATION:   STATIC OVERLAYABLE
   CODE SIZE        =     48    ----
   CONSTANT SIZE    =   ----    ----
   XDATA SIZE       =   ----    ----
   PDATA SIZE       =   ----    ----
   DATA SIZE        =   ----    ----
   IDATA SIZE       =   ----    ----
   BIT SIZE         =   ----    ----
END OF MODULE INFORMATION.

C51 COMPILER V9.59.0.0   ADC                                                               01/01/2024 16:57:05 PAGE 2   


C51 COMPILATION COMPLETE.  0 WARNING(S),  0 ERROR(S)
