C51 COMPILER V9.59.0.0   DELAY                                                             01/01/2024 16:57:05 PAGE 1   


C51 COMPILER V9.59.0.0, COMPILATION OF MODULE DELAY
OBJECT MODULE PLACED IN .\Objects\Delay.obj
COMPILER INVOKED BY: C:\Keil_v5\C51\BIN\C51.EXE System\Delay.c OPTIMIZE(8,SPEED) BROWSE INCDIR(.\Hardware;.\System;.\Use
                    -r) DEBUG OBJECTEXTEND PRINT(.\Listings\Delay.lst) OBJECT(.\Objects\Delay.obj)

line level    source

   1          #include <REG51.H>
   2          #include "Sys.h"
   3          
   4          void delay_us(uint32_t us)
   5          {
   6   1          while(--us);
   7   1      }
   8          void delay_ms(uint32_t ms)
   9          {
  10   1         uint32_t i,j;
  11   1         for(i=ms;i>0;i--)
  12   1            for(j=110;j>0;j--);
  13   1      }


MODULE INFORMATION:   STATIC OVERLAYABLE
   CODE SIZE        =    131    ----
   CONSTANT SIZE    =   ----    ----
   XDATA SIZE       =   ----    ----
   PDATA SIZE       =   ----    ----
   DATA SIZE        =   ----      12
   IDATA SIZE       =   ----    ----
   BIT SIZE         =   ----    ----
END OF MODULE INFORMATION.


C51 COMPILATION COMPLETE.  0 WARNING(S),  0 ERROR(S)
