C51 COMPILER V9.59.0.0   DHT11                                                             01/01/2024 16:57:05 PAGE 1   


C51 COMPILER V9.59.0.0, COMPILATION OF MODULE DHT11
OBJECT MODULE PLACED IN .\Objects\DHT11.obj
COMPILER INVOKED BY: C:\Keil_v5\C51\BIN\C51.EXE Hardware\DHT11.c OPTIMIZE(8,SPEED) BROWSE INCDIR(.\Hardware;.\System;.\U
                    -ser) DEBUG OBJECTEXTEND PRINT(.\Listings\DHT11.lst) OBJECT(.\Objects\DHT11.obj)

line level    source

   1          #include <REG51.H>
   2          #include "Delay.h"
   3          
   4          sbit Data=P1^6;
   5          sbit DHT11=P1^6;
   6          
   7          uint8_t rec_dat[9]; 
   8          
   9          /*使用规则
  10          //uint8_t wendu [4];
  11          //uint8_t sidu [4];
  12          //for(i=0;i<7;i++) 
  13          //    {
  14          //        if(i<=2)
  15          //            {
  16          //                sidu[i]= rec_dat[i]; //读取湿度
  17          //                      }
  18          //            else
  19          //                      {
  20          //                              wendu[i-4] = rec_dat[i];//读取温度
  21          //                      }          
  22          //    }
  23          //    OLED_ShowString(1,1,sidu)//进行显示
  24          */
  25          
  26          void DHT11_start(void)
  27          {
  28   1         DHT11=1;
  29   1         delay_us(2);
  30   1         DHT11=0;
  31   1         delay_ms(30);   
  32   1         DHT11=1;
  33   1         delay_us(30);
  34   1      }//请求数据
  35          
  36          uint8_t DHT11_rec_byte(void)      
  37          {
  38   1         uint8_t i,dat=0;
  39   1        for(i=0;i<8;i++)    
  40   1         {          
  41   2            while(!DHT11);   
  42   2            delay_us(8);    
  43   2            dat<<=1;           
  44   2            if(DHT11==1)    
  45   2               dat+=1;
  46   2            while(DHT11);     
  47   2          }  
  48   1          return dat;
  49   1      }
  50          
  51          void DHT11_receive(void)     
  52          {
  53   1          uint8_t R_H,R_L,T_H,T_L,RH,RL,TH,TL,revise; 
  54   1          DHT11_start();
C51 COMPILER V9.59.0.0   DHT11                                                             01/01/2024 16:57:05 PAGE 2   

  55   1          if(DHT11==0)
  56   1          {
  57   2              while(DHT11==0);       
  58   2              delay_us(40);  
  59   2              R_H=DHT11_rec_byte();      
  60   2              R_L=DHT11_rec_byte();     
  61   2              T_H=DHT11_rec_byte();     
  62   2              T_L=DHT11_rec_byte();    
  63   2              revise=DHT11_rec_byte(); 
  64   2              delay_us(25);    
  65   2              if((R_H+R_L+T_H+T_L)==revise)      
  66   2              {
  67   3                  RH=R_H;
  68   3                  RL=R_L;
  69   3                  TH=T_H;
  70   3                  TL=T_L;
  71   3              }  
  72   2              rec_dat[0]='0'+(RH/10);
  73   2              rec_dat[1]='0'+(RH%10);
  74   2                                      rec_dat[2]=' ';
  75   2                                      rec_dat[3]=' ';
  76   2                                      //温度
  77   2              rec_dat[4]='0'+(TH/10);
  78   2              rec_dat[5]='0'+(TH%10); 
  79   2                      rec_dat[6]=' ';
  80   2          }
  81   1      }


MODULE INFORMATION:   STATIC OVERLAYABLE
   CODE SIZE        =    247    ----
   CONSTANT SIZE    =   ----    ----
   XDATA SIZE       =   ----    ----
   PDATA SIZE       =   ----    ----
   DATA SIZE        =      9      11
   IDATA SIZE       =   ----    ----
   BIT SIZE         =   ----    ----
END OF MODULE INFORMATION.


C51 COMPILATION COMPLETE.  0 WARNING(S),  0 ERROR(S)
