C51 COMPILER V9.59.0.0   MAIN                                                              12/29/2023 21:25:28 PAGE 1   


C51 COMPILER V9.59.0.0, COMPILATION OF MODULE MAIN
OBJECT MODULE PLACED IN .\Objects\main.obj
COMPILER INVOKED BY: C:\Keil_v5\C51\BIN\C51.EXE User\main.c OPTIMIZE(8,SPEED) BROWSE INCDIR(.\Hardware;.\System;.\User) 
                    -DEBUG OBJECTEXTEND PRINT(.\Listings\main.lst) OBJECT(.\Objects\main.obj)

line level    source

   1          #include <REG51.H>
   2          #include "intrins.h"
   3          #include "OLED.h"
   4          #include "Delay.h"
   5          
   6          void main()
   7          {
   8   1          OLED_Init();
   9   1          OLED_ShowString(1,1,"Hello World!");
  10   1          OLED_ShowCN(0,2,0);
  11   1          OLED_ShowCN(16,2,1);
  12   1          OLED_ShowCN(32,2,2);
  13   1          OLED_ShowCN(48,2,3);
  14   1          OLED_ShowCN(64,2,4);
  15   1          OLED_ShowCN(80,2,5);
  16   1          OLED_ShowCN(96,2,6);
  17   1          OLED_ShowCN(112,2,7);
  18   1          
  19   1      }


MODULE INFORMATION:   STATIC OVERLAYABLE
   CODE SIZE        =     87    ----
   CONSTANT SIZE    =     13    ----
   XDATA SIZE       =   ----    ----
   PDATA SIZE       =   ----    ----
   DATA SIZE        =   ----    ----
   IDATA SIZE       =   ----    ----
   BIT SIZE         =   ----    ----
END OF MODULE INFORMATION.


C51 COMPILATION COMPLETE.  0 WARNING(S),  0 ERROR(S)
