C51 COMPILER V9.54   F2481                                                                 01/07/2025 11:32:31 PAGE 1   


C51 COMPILER V9.54, COMPILATION OF MODULE F2481
OBJECT MODULE PLACED IN .\Objects\F2481.obj
COMPILER INVOKED BY: C:\Keil_v5\C51\BIN\C51.EXE Hardware\F2481.c LARGE OPTIMIZE(8,SPEED) BROWSE INCDIR(.\Hardware;.\Syst
                    -em;.\User;C:\Keil_v5\C51\INC\STC) DEBUG OBJECTEXTEND PRINT(.\Listings\F2481.lst) OBJECT(.\Objects\F2481.obj)

line level    source

   1          #include <STC15F2K60S2.H>
   2          #include "Delay.h"
   3          #include "Sys.h"
   4          #include "F2481.h"
   5          
   6          sbit F2481_1=P1^1;      
   7          sbit F2481_2=P1^2;      
   8          sbit F2481_3=P1^3;      
   9          sbit F2481_4=P1^4;      
  10          //Î»ºÅ
  11          sbit F2481_A=P0^0;      
  12          sbit F2481_B=P0^1;      
  13          sbit F2481_C=P0^2;      
  14          sbit F2481_D=P0^3;      
  15          sbit F2481_E=P0^4;      
  16          sbit F2481_F=P0^5;      
  17          sbit F2481_G=P0^6;      
  18          sbit F2481_DP=P0^7;
  19          //ÊýÂë¹Ü
  20          
  21          code unsigned char num[] =
  22          {
  23                  0x3F,/*0*/
  24                  0x06,/*1*/
  25                  0x5B,/*2*/
  26                  0x4F,/*3*/
  27                  0x66,/*4*/
  28                  0x6D,/*5*/
  29                  0x7D,/*6*/
  30                  0x07,/*7*/
  31                  0x7F,/*8*/
  32                  0x6F,/*9*/
  33                  0x77,/*10 A*/
  34                  0x7C,/*11 b*/
  35                  0x39,/*12 c*/
  36                  0x5E,/*13 d*/
  37                  0x79,/*14 E*/
  38                  0x71,/*15 F*/
  39                  0x76,/*16 H*/
  40                  0x38,/*17 L*/
  41                  0x54,/*18 n*/
  42                  0x73,/*19 P*/
  43                  0x3E,/*20 U*/
  44          };
  45          
  46          void F24811_display(uint8_t weishu,uint8_t DATA)
  47          {
  48   1          if(weishu == 1)
  49   1          {
  50   2              F2481_1 = 0;
  51   2              F2481_2 = 1;
  52   2              F2481_3 = 1;
  53   2              F2481_4 = 1;
  54   2          }
C51 COMPILER V9.54   F2481                                                                 01/07/2025 11:32:31 PAGE 2   

  55   1          if(weishu == 2)
  56   1          {
  57   2              F2481_1 = 1;
  58   2              F2481_2 = 0;
  59   2              F2481_3 = 1;
  60   2              F2481_4 = 1;
  61   2          }
  62   1          if(weishu == 3)
  63   1          {
  64   2              F2481_1 = 1;
  65   2              F2481_2 = 1;
  66   2              F2481_3 = 0;
  67   2              F2481_4 = 1;
  68   2          }
  69   1          if(weishu == 4)
  70   1          {
  71   2              F2481_1 = 1;
  72   2              F2481_2 = 1;
  73   2              F2481_3 = 1;
  74   2              F2481_4 = 0;
  75   2          }
  76   1          P0 = ~num[DATA];
  77   1      }
  78          
  79          void F24811_freshall(uint16_t number)
  80          {
  81   1          uint16_t a,b,c,d;
  82   1          a = number/1000;
  83   1          b = number/100%10;
  84   1          c = number/10%10;
  85   1          d = number%10;
  86   1          F24811_display(1,a);
  87   1          delay_ms(5);
  88   1          F24811_display(2,b);
  89   1          delay_ms(5);
  90   1          F24811_display(3,c);
  91   1          delay_ms(5);
  92   1          F24811_display(4,d);
  93   1          delay_ms(5);
  94   1      }


MODULE INFORMATION:   STATIC OVERLAYABLE
   CODE SIZE        =    225    ----
   CONSTANT SIZE    =     21    ----
   XDATA SIZE       =   ----       8
   PDATA SIZE       =   ----    ----
   DATA SIZE        =   ----    ----
   IDATA SIZE       =   ----    ----
   BIT SIZE         =   ----    ----
END OF MODULE INFORMATION.


C51 COMPILATION COMPLETE.  0 WARNING(S),  0 ERROR(S)
