C51 COMPILER V9.54   MAIN                                                                  01/07/2025 11:32:30 PAGE 1   


C51 COMPILER V9.54, COMPILATION OF MODULE MAIN
OBJECT MODULE PLACED IN .\Objects\main.obj
COMPILER INVOKED BY: C:\Keil_v5\C51\BIN\C51.EXE User\main.c LARGE OPTIMIZE(8,SPEED) BROWSE INCDIR(.\Hardware;.\System;.\
                    -User;C:\Keil_v5\C51\INC\STC) DEBUG OBJECTEXTEND PRINT(.\Listings\main.lst) OBJECT(.\Objects\main.obj)

line level    source

   1          #include <STC15F2K60S2.H>
   2          #include "Delay.h"
   3          #include "F2481.h"
   4          
   5          #define ADC_POWER 0x80
   6          #define ADC_START 0x08
   7          #define ADC_FLAG 0x10
   8          #define ADC_SPEEDH 0x40                     //转换速度为180个时钟周期
   9          #define ADRJ 0x20                           //ADRJ = 1;
  10          #define AD_P1_0 0x00                        //P1.0为AD输入;
  11          
  12          sfr PCON2 = 0x97;
  13          
  14          void ADC_Init(void)
  15          {
  16   1             P1ASF= 0x01;                         //设置P1为模拟输入端口  
  17   1             PCON2= PCON2 | ADRJ;           //ADRJ  = 1;
  18   1             ADC_CONTR= ADC_POWER | ADC_SPEEDH | AD_P1_0;
  19   1             //设置A/D电源开启、转换速度设置、A/D输入端口；
  20   1             delay_ms(100);//等待电源稳定    
  21   1      }
  22          
  23          unsigned int Gat_ADC(void)//电压=（5/1024=0.004882）*AD值
  24          {
  25   1             uint16_t i,j,AD_Vaule;
  26   1             ADC_CONTR= ADC_CONTR | ADC_START;                 //开始转换
  27   1             while((ADC_CONTR& ADC_FLAG) != ADC_FLAG);    //等待转换标志置位
  28   1             i= ADC_RES;  //高两位
  29   1             j= ADC_RESL; //低八位
  30   1             i= i << 8;
  31   1             i= i | j;
  32   1             ADC_CONTR= ADC_CONTR & ~ADC_FLAG ;                   //清零转换标志位
  33   1             ADC_RES= 0;
  34   1             ADC_RESL= 0;
  35   1             AD_Vaule=i;
  36   1             return(AD_Vaule);
  37   1      }
  38          
  39          void main()
  40          {
  41   1          uint8_t n,V,D1,D2,D3;
  42   1          uint8_t a[10];
  43   1          ADC_Init();
  44   1          while(1)
  45   1          {
  46   2              
  47   2              for(n=0;n<10;n++)
  48   2                  {
  49   3                     a[n]= Gat_ADC();
  50   3                  }
  51   2                  V=(a[0]+a[1]+a[2]+a[3]+a[4]+a[5]+a[6]+a[7]+a[8]+a[9])/10;
  52   2                  V=V*0.019607*10;//电压值转换,取三位*100
  53   2                  D1=V/100;
  54   2                  D2=(V/10)%10;
C51 COMPILER V9.54   MAIN                                                                  01/07/2025 11:32:30 PAGE 2   

  55   2                  D3=V%10;//数据转换
  56   2                  F24811_display(2,D2);
  57   2                  delay_ms(1);
  58   2                  F24811_display(3,D3);
  59   2                  delay_ms(1);
  60   2                  F24811_display(4,20); 
  61   2                  delay_ms(1);            
  62   2          }
  63   1      }


MODULE INFORMATION:   STATIC OVERLAYABLE
   CODE SIZE        =    268    ----
   CONSTANT SIZE    =   ----    ----
   XDATA SIZE       =   ----      14
   PDATA SIZE       =   ----    ----
   DATA SIZE        =   ----    ----
   IDATA SIZE       =   ----    ----
   BIT SIZE         =   ----    ----
END OF MODULE INFORMATION.


C51 COMPILATION COMPLETE.  0 WARNING(S),  0 ERROR(S)
