C51 COMPILER V9.59.0.0   BUZZER                                                            01/03/2024 21:09:50 PAGE 1   


C51 COMPILER V9.59.0.0, COMPILATION OF MODULE BUZZER
OBJECT MODULE PLACED IN .\Objects\BUZZER.obj
COMPILER INVOKED BY: C:\Keil_v5\C51\BIN\C51.EXE Hardware\BUZZER.c LARGE OPTIMIZE(8,SPEED) BROWSE INCDIR(.\Hardware;.\Sys
                    -tem;.\User;C:\Keil_v5\C51\INC\STC) DEBUG OBJECTEXTEND PRINT(.\Listings\BUZZER.lst) OBJECT(.\Objects\BUZZER.obj)

line level    source

   1          #include <STC15F2K60S2.H>
   2          #include "BUZZER.h"
   3          #include "Delay.h"
   4          
   5          void BUZZER_ON(void)
   6          {
   7   1          BUZZER = 0;
   8   1      }
   9          
  10          void BUZZER_OFF(void)
  11          {
  12   1          BUZZER = 1;
  13   1      }
  14          
  15          void BUZZER_Flash(void)
  16          {
  17   1          BUZZER = 0;
  18   1          delay_ms(100);
  19   1          BUZZER = 1;
  20   1          delay_ms(100);
  21   1      }


MODULE INFORMATION:   STATIC OVERLAYABLE
   CODE SIZE        =     32    ----
   CONSTANT SIZE    =   ----    ----
   XDATA SIZE       =   ----    ----
   PDATA SIZE       =   ----    ----
   DATA SIZE        =   ----    ----
   IDATA SIZE       =   ----    ----
   BIT SIZE         =   ----    ----
END OF MODULE INFORMATION.


C51 COMPILATION COMPLETE.  0 WARNING(S),  0 ERROR(S)
