C51 COMPILER V9.54   MAIN                                                                  01/08/2025 13:57:02 PAGE 1   


C51 COMPILER V9.54, COMPILATION OF MODULE MAIN
OBJECT MODULE PLACED IN .\Objects\main.obj
COMPILER INVOKED BY: C:\Keil_v5\C51\BIN\C51.EXE User\main.c LARGE OPTIMIZE(8,SPEED) BROWSE INCDIR(.\Hardware;.\System;.\
                    -User;C:\Keil_v5\C51\INC\STC) DEBUG OBJECTEXTEND PRINT(.\Listings\main.lst) OBJECT(.\Objects\main.obj)

line level    source

   1          #include <STC15F2K60S2.H>
   2          #include "OLED.h"
   3          #include "Delay.h"
   4          #include "DS1302.h"
   5          
   6          #define KEY1_PRESS      1
   7          #define KEY2_PRESS  2
   8          #define KEY_NOPRESS     0
   9          
  10          
  11          // OLED_SCL=P0^0
  12          // OLED_SDA=P0^1    //OLED
  13          sbit BUZZER = P0^2;
  14          sbit LED = P0^3;
  15          // SCLK=P0^5
  16          // DAT=P0^6
  17          // RST=P0^7         //DS1302
  18          sbit KEY1=P1^0;
  19          sbit KEY2=P1^1;
  20          
  21          extern uint8_t DS1302_Time[7];//年、月、周、日、时、分、秒
  22          uint8_t Se=0,Mi=0;
  23          
  24          uint8_t key_scan(void)
  25          {
  26   1          if(KEY1==0||KEY2==0)
  27   1          {
  28   2              delay_ms(15);
  29   2              if(KEY1==0)
  30   2              {
  31   3                  return KEY1_PRESS;
  32   3              }
  33   2              if(KEY2==0)
  34   2              {
  35   3                  return KEY2_PRESS;
  36   3              }
  37   2          }
  38   1          return KEY_NOPRESS;
  39   1      }
  40          
  41          void OLED_ShowCout(void)
  42          {
  43   1          OLED_ShowNum(1,5,DS1302_Time[4],2);
  44   1          OLED_ShowString(1,7,":");
  45   1          OLED_ShowNum(1,8,DS1302_Time[5],2);
  46   1          OLED_ShowString(1,10,":");
  47   1          OLED_ShowNum(1,11,DS1302_Time[6],2);
  48   1          OLED_ShowString(2,4,"Count Set:");
  49   1          OLED_ShowNum(3,6,Mi,2);
  50   1          OLED_ShowString(3,8,":");
  51   1          OLED_ShowNum(3,9,Se,2);
  52   1      }
  53          
  54          void LOUND_ON(void)
C51 COMPILER V9.54   MAIN                                                                  01/08/2025 13:57:02 PAGE 2   

  55          {
  56   1          BUZZER = 0;
  57   1          LED=0;
  58   1      }
  59          
  60          void LOUND_OFF(void)
  61          {
  62   1          BUZZER = 1;
  63   1          LED=1;
  64   1      }
  65          
  66          void main()
  67          {
  68   1          uint8_t Flag=0;
  69   1          uint8_t F,S,key;
  70   1          Ds1302_Init();
  71   1          OLED_Init();
  72   1          OLED_Clear();
  73   1          DS1302_Time[4]=0;
  74   1          DS1302_Time[5]=0;
  75   1          DS1302_Time[6]=0;
  76   1          DS1302_SetTime();//更新时间
  77   1          while(1)
  78   1          {
  79   2              key=key_scan();
  80   2              if(key==1)//设置定时值
  81   2              {
  82   3                  Se++;
  83   3                  delay_ms(100);
  84   3                  while(Se>=60)
  85   3                  {
  86   4                      Mi++;
  87   4                      Se=Se-60;
  88   4                  }
  89   3                  Flag=0;
  90   3              }
  91   2              if(key==2)//确定定时值
  92   2              {
  93   3                  while(Se>=60)
  94   3                  {
  95   4                      Mi++;
  96   4                      Se=Se-60;
  97   4                  }
  98   3                  DS1302_Time[5]=0;
  99   3                  DS1302_Time[6]=0;
 100   3                  DS1302_SetTime();
 101   3                  Flag=1;
 102   3              }
 103   2              if(Flag==1)//进入倒计时
 104   2              {
 105   3                  DS1302_ReadTime();//刷新时间
 106   3                  OLED_ShowCout();
 107   3                  if(DS1302_Time[5]>=Mi&&DS1302_Time[6]>=Se)//判断是否到指定时间
 108   3                  {
 109   4                      OLED_ShowString(4,5,"TIME_GET!");
 110   4                      for(F=0;F<3;F++)//提醒
 111   4                      {
 112   5                          for(S=0;S<2;S++)
 113   5                          {
 114   6                              LOUND_ON();
 115   6                              delay_ms(200);
 116   6                              LOUND_OFF();
C51 COMPILER V9.54   MAIN                                                                  01/08/2025 13:57:02 PAGE 3   

 117   6                              delay_ms(200);
 118   6                          }
 119   5                          delay_ms(800);
 120   5                      }
 121   4                      OLED_Clear();
 122   4                      Flag=0;
 123   4                      DS1302_Time[5]=0;
 124   4                      DS1302_Time[6]=0;
 125   4                      Se=0;
 126   4                      Mi=0;
 127   4                      DS1302_SetTime();//重置时间
 128   4                  }
 129   3              }
 130   2              if(Flag==0)//进入设定模式
 131   2              {
 132   3                  DS1302_ReadTime();
 133   3                  OLED_ShowCout();
 134   3              }
 135   2              
 136   2          }
 137   1      }


MODULE INFORMATION:   STATIC OVERLAYABLE
   CODE SIZE        =    531    ----
   CONSTANT SIZE    =     23    ----
   XDATA SIZE       =      2       4
   PDATA SIZE       =   ----    ----
   DATA SIZE        =   ----    ----
   IDATA SIZE       =   ----    ----
   BIT SIZE         =   ----    ----
END OF MODULE INFORMATION.


C51 COMPILATION COMPLETE.  0 WARNING(S),  0 ERROR(S)
