C51 COMPILER V9.54   DELAY                                                                 01/08/2025 15:49:15 PAGE 1   


C51 COMPILER V9.54, COMPILATION OF MODULE DELAY
OBJECT MODULE PLACED IN .\Objects\Delay.obj
COMPILER INVOKED BY: C:\Keil_v5\C51\BIN\C51.EXE System\Delay.c LARGE OPTIMIZE(8,SPEED) BROWSE INCDIR(.\Hardware;.\System
                    -;.\User;C:\Keil_v5\C51\INC\STC) DEBUG OBJECTEXTEND PRINT(.\Listings\Delay.lst) OBJECT(.\Objects\Delay.obj)

line level    source

   1          #include <STC15F2K60S2.H>
   2          #include <intrins.h>
   3          #include "Sys.h"
   4          
   5          void delay_us(uint32_t us)
   6          {
   7   1          uint16_t x;
   8   1          for(x=us;x>0;x--)
   9   1          {
  10   2              _nop_();
  11   2              _nop_();
  12   2              _nop_();
  13   2          }
  14   1      }
  15          
  16          void delay_ms(uint32_t ms)
  17          {
  18   1          uint8_t i, j;
  19   1          uint16_t x;
  20   1          for(x=ms;x>0;x--)
  21   1          {
  22   2          _nop_();
  23   2              _nop_();
  24   2              _nop_();
  25   2              i = 11;
  26   2              j = 190;
  27   2              do
  28   2              {
  29   3                      while (--j);
  30   3              } while (--i);
  31   2          }
  32   1      }


MODULE INFORMATION:   STATIC OVERLAYABLE
   CODE SIZE        =     48    ----
   CONSTANT SIZE    =   ----    ----
   XDATA SIZE       =   ----    ----
   PDATA SIZE       =   ----    ----
   DATA SIZE        =   ----    ----
   IDATA SIZE       =   ----    ----
   BIT SIZE         =   ----    ----
END OF MODULE INFORMATION.


C51 COMPILATION COMPLETE.  0 WARNING(S),  0 ERROR(S)
