C51 COMPILER V9.59.0.0   TM1637                                                            01/03/2024 23:00:02 PAGE 1   


C51 COMPILER V9.59.0.0, COMPILATION OF MODULE TM1637
OBJECT MODULE PLACED IN .\Objects\TM1637.obj
COMPILER INVOKED BY: C:\Keil_v5\C51\BIN\C51.EXE Hardware\TM1637.c LARGE OPTIMIZE(8,SPEED) BROWSE INCDIR(.\Hardware;.\Sys
                    -tem;.\User;C:\Keil_v5\C51\INC\STC) DEBUG OBJECTEXTEND PRINT(.\Listings\TM1637.lst) OBJECT(.\Objects\TM1637.obj)

line level    source

   1          #include <STC15F2K60S2.H>
   2          #include "Delay.h"
   3          #include "TM1637.h"
   4          #include "intrins.h"
   5          
   6          sbit CLK = P1^5; //定义模拟IIC总线的时钟线
   7          sbit DIO = P1^4; //定义模拟IIC总线的数据线
   8            
   9          code unsigned char tab[] =
  10          {
  11                  0x3F,/*0*/0x06,/*1*/0x5B,/*2*/0x4F,/*3*/0x66,/*4*/
  12                  0x6D,/*5*/0x7D,/*6*/0x07,/*7*/0x7F,/*8*/0x6F,/*9*/
  13                  0x77,/*10 A*/0x7C,/*11 b*/0x39,/*12 c*/0x5E,/*13 d*/
  14                  0x79,/*14 E*/0x71,/*15 F*/0x76,/*16 H*/0x38,/*17 L*/
  15                  0x54,/*18 n*/0x73,/*19 P*/0x3E,/*20 U*/0x00,/*21 黑屏*/
  16          };
  17           
  18          code unsigned char tac[]=
  19          {
  20              0xBF,0x86,0xDB,0xCF,0xE6,0xED,0xFD,0x87,0xFF,0xEF,
  21          };
  22          //IIC开始
  23          void TM1637_start(void)
  24          {
  25   1           CLK=1;
  26   1           DIO=1;
  27   1           delay_us(2);
  28   1           DIO=0;
  29   1      }
  30           
  31           
  32          //IIC应答
  33          void TM1637_ack(void)
  34          {
  35   1          unsigned char i;
  36   1          CLK=0;
  37   1          delay_us(5);
  38   1           //DIO=1;   
  39   1          while(DIO==1&&(i<250))i++;
  40   1          CLK=1;
  41   1          delay_us(2);
  42   1          CLK=0;
  43   1      }
  44           
  45          //IIC停止
  46          void TM1637_stop(void)
  47          {
  48   1           CLK=0;
  49   1           delay_us(2);
  50   1           DIO=0;
  51   1           delay_us(2);
  52   1           CLK=1;
  53   1           delay_us(2);
  54   1           DIO=1;
C51 COMPILER V9.59.0.0   TM1637                                                            01/03/2024 23:00:02 PAGE 2   

  55   1           delay_us(2);
  56   1      }
  57           
  58          //写数据函数
  59          void TM1637_Write(unsigned char DATA)   
  60          {
  61   1          unsigned char i;   
  62   1          for(i=0;i<8;i++)        
  63   1          {
  64   2              CLK=0;     
  65   2              if(DATA & 0x01)
  66   2                  DIO=1;
  67   2              else DIO=0;
  68   2               delay_us(3);
  69   2              DATA=DATA>>1;      
  70   2              CLK=1;
  71   2               delay_us(3);
  72   2          }  
  73   1          //TM1637_ack();
  74   1      }
  75           
  76           
  77          /** 按从左到右的顺序显示, h 控制 ':'， 1显示，0不显示 */
  78          void TM1637_display(unsigned char a,unsigned char b,unsigned char c,unsigned char d,unsigned char h)
  79          {
  80   1       
  81   1          TM1637_start();
  82   1          TM1637_Write(0x40);//写数据+自动地址加1+普通模式
  83   1          TM1637_ack();
  84   1          TM1637_stop();
  85   1          TM1637_start();
  86   1          TM1637_Write(0xc0);//设置显示首地址即第一个LED
  87   1          TM1637_ack();
  88   1       
  89   1          TM1637_Write(tab[a]);
  90   1          TM1637_ack();
  91   1          if(h==0)
  92   1          {
  93   2          TM1637_Write(tab[b]);    
  94   2          }
  95   1          if(h==1)
  96   1          {
  97   2          TM1637_Write(tab[b]|h<<7);//h为1时显示时钟中间的两点
  98   2          }
  99   1          if(h==2)
 100   1          {
 101   2          TM1637_Write(tac[b]);    
 102   2          }
 103   1          TM1637_ack();
 104   1          TM1637_Write(tab[c]);
 105   1          TM1637_ack();
 106   1          TM1637_Write(tab[d]);
 107   1          TM1637_ack();
 108   1       
 109   1          TM1637_stop();
 110   1          TM1637_start();
 111   1          TM1637_Write(0x89);//开显示，2/16亮度
 112   1          TM1637_ack();
 113   1          TM1637_stop();
 114   1      }
 115           
 116          void TM1637_DisplayInt(unsigned int target)
C51 COMPILER V9.59.0.0   TM1637                                                            01/03/2024 23:00:02 PAGE 3   

 117          {
 118   1              unsigned char one, ten, hund, thous;
 119   1              
 120   1              thous = target / 1000;
 121   1              hund = target / 100 % 10;
 122   1              ten = target / 10 % 10;
 123   1              one = target % 10;
 124   1              
 125   1              TM1637_Display(thous, hund, ten, one, 0);
 126   1      }


MODULE INFORMATION:   STATIC OVERLAYABLE
   CODE SIZE        =    448    ----
   CONSTANT SIZE    =     32    ----
   XDATA SIZE       =   ----      11
   PDATA SIZE       =   ----    ----
   DATA SIZE        =   ----    ----
   IDATA SIZE       =   ----    ----
   BIT SIZE         =   ----    ----
END OF MODULE INFORMATION.


C51 COMPILATION COMPLETE.  0 WARNING(S),  0 ERROR(S)
