C51 COMPILER V9.54   MAIN                                                                  01/08/2025 20:44:04 PAGE 1   


C51 COMPILER V9.54, COMPILATION OF MODULE MAIN
OBJECT MODULE PLACED IN .\Objects\main.obj
COMPILER INVOKED BY: C:\Keil_v5\C51\BIN\C51.EXE User\main.c LARGE OPTIMIZE(8,SPEED) BROWSE INCDIR(.\Hardware;.\System;.\
                    -User;C:\Keil_v5\C51\INC\STC) DEBUG OBJECTEXTEND PRINT(.\Listings\main.lst) OBJECT(.\Objects\main.obj)

line level    source

   1          #include "STC15F2K60S2.h" 
   2          #include "INTRINS.H"
   3          #include "Delay.h"
   4          
   5          sbit bee=P0^0;
   6          sbit conc=P0^1;
   7          
   8          uint8_t Flag = 0;
   9          
  10          
  11          void Sound(uint16_t frq)
  12          {
  13   1          uint32_t time;
  14   1          if(frq != 1000)
  15   1          {
  16   2              time = 500000/((uint32_t)frq);
  17   2              bee = 1;
  18   2              delay_us(time);
  19   2              bee = 0;
  20   2              delay_us(time);
  21   2          }else
  22   1              delay_us(1000);
  23   1      }
  24          
  25          void Sound2(uint16_t time)
  26          {
  27   1          bee = 1;
  28   1          delay_ms(time);
  29   1          bee = 0;
  30   1          delay_ms(time);
  31   1      }
  32          
  33          uint16_t tone[] ={250,262,294,330,350,393,441,495,525,589,661,700,786,882,990}; //音调        
  34          uint8_t music[]={5,5,6,5,8,7,5,5,6,5,9,8,5,5,12,10,8,7,6,11,
  35                            11,10,8,9,8,5,5,8,5,5,12,10,8,7,6,11,11,10,8,9,8    //乐谱音调
  36                  };     
  37          uint8_t time[] = {1,2,2,2,2,4,1,2,2,2,2,4,1,2,2,2,1,4,
  38                            4,1,2,2,2,2,4,1,2,4,1,2,2,2,1,4, 4,1,2,2,2,2,4,4        //节拍时间
  39                  }; 
  40          
  41          void play_sound(void)
  42          {
  43   1          uint32_t yanshi;
  44   1          uint16_t i,e;
  45   1          P1 = 0xF0;
  46   1          yanshi = 10;
  47   1           for(i=0;i<sizeof(music)/sizeof(music[0]);i++){
  48   2               P1 = ~P1;
  49   2              for(e=0;e<((uint16_t)time[i])*tone[music[i]]/yanshi;e++){
  50   3                  Sound((uint32_t)tone[music[i]]);
  51   3                  if(Flag == 1)
  52   3                  {
  53   4                      break;
  54   4                  }
C51 COMPILER V9.54   MAIN                                                                  01/08/2025 20:44:04 PAGE 2   

  55   3              }
  56   2              if(Flag == 1)
  57   2                  {
  58   3                      break;
  59   3                  }
  60   2          }
  61   1      }
  62          
  63          void INT0_Init(void){
  64   1        IT0 = 1;   //只允许下降沿触发
  65   1        EX0 = 1;    //中断外部中断0中断
  66   1        EA = 1;     //允许存在中断
  67   1      }
  68          
  69          void INT0_handle(void) interrupt 0
  70              {
  71   1              Flag ++ ;
  72   1              Flag = Flag %2;
  73   1      }
  74          
  75          void main()
  76          {
  77   1          INT0_Init();
  78   1          while(1)
  79   1          {
  80   2              if(Flag == 0)
  81   2              {
  82   3                   P1 = 0x00;
  83   3              }
  84   2              if(Flag == 1)
  85   2              {
  86   3                  play_sound();
  87   3              }
  88   2          }
  89   1      }
  90          
  91          


MODULE INFORMATION:   STATIC OVERLAYABLE
   CODE SIZE        =    396    ----
   CONSTANT SIZE    =   ----    ----
   XDATA SIZE       =    114      14
   PDATA SIZE       =   ----    ----
   DATA SIZE        =   ----    ----
   IDATA SIZE       =   ----    ----
   BIT SIZE         =   ----    ----
END OF MODULE INFORMATION.


C51 COMPILATION COMPLETE.  0 WARNING(S),  0 ERROR(S)
