C51 COMPILER V9.59.0.0   DELAY                                                             01/02/2024 00:06:50 PAGE 1   


C51 COMPILER V9.59.0.0, COMPILATION OF MODULE DELAY
OBJECT MODULE PLACED IN .\Objects\Delay.obj
COMPILER INVOKED BY: C:\Keil_v5\C51\BIN\C51.EXE System\Delay.c OPTIMIZE(8,SPEED) BROWSE INCDIR(.\Hardware;.\System;.\Use
                    -r) DEBUG OBJECTEXTEND PRINT(.\Listings\Delay.lst) OBJECT(.\Objects\Delay.obj)

line level    source

   1          #include <REG51.H>
   2          #include "Sys.h"
   3          
   4          void delay_us(uint32_t us)
   5          {
   6   1          while(--us);
   7   1      }
   8          void delay_ms(uint32_t ms)
   9          {
  10   1              uint32_t a;
  11   1              while(ms)
  12   1              {
  13   2                      a=1800;
  14   2                      while(a--);
  15   2                      ms--;
  16   2              }
  17   1      }


MODULE INFORMATION:   STATIC OVERLAYABLE
   CODE SIZE        =     95    ----
   CONSTANT SIZE    =   ----    ----
   XDATA SIZE       =   ----    ----
   PDATA SIZE       =   ----    ----
   DATA SIZE        =   ----      12
   IDATA SIZE       =   ----    ----
   BIT SIZE         =   ----    ----
END OF MODULE INFORMATION.


C51 COMPILATION COMPLETE.  0 WARNING(S),  0 ERROR(S)
