C51 COMPILER V9.59.0.0   MAIN                                                              01/02/2024 00:06:49 PAGE 1   


C51 COMPILER V9.59.0.0, COMPILATION OF MODULE MAIN
OBJECT MODULE PLACED IN .\Objects\main.obj
COMPILER INVOKED BY: C:\Keil_v5\C51\BIN\C51.EXE User\main.c OPTIMIZE(8,SPEED) BROWSE INCDIR(.\Hardware;.\System;.\User) 
                    -DEBUG OBJECTEXTEND PRINT(.\Listings\main.lst) OBJECT(.\Objects\main.obj)

line level    source

   1          #include <REG51.H>
   2          #include "intrins.h"
   3          #include "OLED.h"
   4          #include "Delay.h"
   5          #include "TM1637.h"
   6          #include "DHT11.h"
   7          
   8          
   9          uint16_t datas [5];
  10          
  11          void main()
  12          {
  13   1          OLED_Init();
  14   1          OLED_ShowNum(1,1,000000,6);
  15   1      }


MODULE INFORMATION:   STATIC OVERLAYABLE
   CODE SIZE        =     22    ----
   CONSTANT SIZE    =   ----    ----
   XDATA SIZE       =   ----    ----
   PDATA SIZE       =   ----    ----
   DATA SIZE        =     10    ----
   IDATA SIZE       =   ----    ----
   BIT SIZE         =   ----    ----
END OF MODULE INFORMATION.


C51 COMPILATION COMPLETE.  0 WARNING(S),  0 ERROR(S)
