C51 COMPILER V9.59.0.0   MAIN                                                              01/10/2024 01:25:41 PAGE 1   


C51 COMPILER V9.59.0.0, COMPILATION OF MODULE MAIN
OBJECT MODULE PLACED IN .\Objects\main.obj
COMPILER INVOKED BY: C:\Keil_v5\C51\BIN\C51.EXE User\main.c LARGE OPTIMIZE(8,SPEED) BROWSE INCDIR(.\Hardware;.\System;.\
                    -User;C:\Keil_v5\C51\INC\STC) DEBUG OBJECTEXTEND PRINT(.\Listings\main.lst) OBJECT(.\Objects\main.obj)

line level    source

   1          #include "STC15F2K60S2.h"  
   2          #include "INTRINS.H"
   3          #include "Delay.h"
   4          #include "ADC.h"
   5          
   6          sbit PWM=P0^0;
   7          sbit Rain=P0^1;
   8          
   9          uint8_t a;
  10          uint8_t SET;
  11          uint8_t Flag;
  12          uint8_t CO;
  13          
  14          void Timer_Init()
  15          {
  16   1          a = 200;
  17   1          SET = 194;
  18   1          P10=0;
  19   1          Flag=0;
  20   1          CO=0;
  21   1          TMOD = 0x11;
  22   1          TH0 = (65536-100)/256;
  23   1          TL0 = (65536-100)%256;
  24   1          EA = 1;
  25   1          ET0 = 1;
  26   1      }
  27          
  28          void main()
  29          {
  30   1          P0M0=0x00;              //设置P0.0为开漏输出模式
  31   1          
  32   1          Timer_Init();
  33   1          TR0=1;                  //使能定时器0
  34   1          ADC_Init();
  35   1          
  36   1          Rain=1;
  37   1          PWM=0;                  //引脚初始化
  38   1          while(1);
  39   1      }
  40          
  41          
  42          void timer0()interrupt 1 //定时器0为0.1ms一个周期
  43          {
  44   1          TH0=(65536-100)/256;
  45   1          TL0=(65536-100)%256;//重装定时器
  46   1          
  47   1          if(Rain==0)
  48   1          {
  49   2              Flag++;
  50   2              if(Flag==2000)//转动周期
  51   2              {
  52   3                  Flag=0;
  53   3                  CO++;
  54   3                  CO = CO%2;//构建双位状态机
C51 COMPILER V9.59.0.0   MAIN                                                              01/10/2024 01:25:41 PAGE 2   

  55   3              }
  56   2              if(CO==1)
  57   2              {
  58   3                  SET=190;//大概20度
  59   3              }
  60   2              if(CO==0)
  61   2              {
  62   3                  SET=180;//大概90度    
  63   3              }
  64   2          }
  65   1          else//第电平状态 
  66   1          {
  67   2              SET=194;
  68   2          }
  69   1          if(a>SET)                   //产生周期为20ms，高电平为0.5ms，舵机会转到0度 SET=195  
  70   1          PWM=1;                      //如果想反转方向，就需把第一个p10=0，第二个p10=-1
  71   1          else
  72   1          PWM=0;
  73   1          a--;
  74   1          if(a<1)a=200; 
  75   1      }


MODULE INFORMATION:   STATIC OVERLAYABLE
   CODE SIZE        =    188    ----
   CONSTANT SIZE    =   ----    ----
   XDATA SIZE       =      4    ----
   PDATA SIZE       =   ----    ----
   DATA SIZE        =   ----    ----
   IDATA SIZE       =   ----    ----
   BIT SIZE         =   ----    ----
END OF MODULE INFORMATION.


C51 COMPILATION COMPLETE.  0 WARNING(S),  0 ERROR(S)
