C51 COMPILER V9.59.0.0   LED                                                               01/03/2024 20:28:56 PAGE 1   


C51 COMPILER V9.59.0.0, COMPILATION OF MODULE LED
OBJECT MODULE PLACED IN .\Objects\LED.obj
COMPILER INVOKED BY: C:\Keil_v5\C51\BIN\C51.EXE Hardware\LED.c LARGE OPTIMIZE(8,SPEED) BROWSE INCDIR(.\Hardware;.\System
                    -;.\User;C:\Keil_v5\C51\INC\STC) DEBUG OBJECTEXTEND PRINT(.\Listings\LED.lst) OBJECT(.\Objects\LED.obj)

line level    source

   1          #include <STC15F2K60S2.H>
   2          #include "LED.h"
   3          #include "Delay.h"
   4          
   5          
   6          sbit LED = P0^1; 
   7          
   8          void LED_ON(void)
   9          {
  10   1          LED=0;
  11   1      }
  12          
  13          void LED_OFF(void)
  14          {
  15   1          LED=1;
  16   1      }
  17          
  18          void LED_Falsh(void)
  19          {
  20   1          LED=0;
  21   1          delay_ms(100);
  22   1          LED=1;
  23   1          delay_ms(100);
  24   1      }


MODULE INFORMATION:   STATIC OVERLAYABLE
   CODE SIZE        =     32    ----
   CONSTANT SIZE    =   ----    ----
   XDATA SIZE       =   ----    ----
   PDATA SIZE       =   ----    ----
   DATA SIZE        =   ----    ----
   IDATA SIZE       =   ----    ----
   BIT SIZE         =   ----    ----
END OF MODULE INFORMATION.


C51 COMPILATION COMPLETE.  0 WARNING(S),  0 ERROR(S)
